<?xml version="1.0" encoding="UTF-8"?>
<!-- Generated by org.testng.reporters.JUnitXMLReporter -->
<testsuite ignored="0" hostname="DESKTOP-6LB8055" failures="0" tests="3" name="Default test" time="7.516" errors="0" timestamp="2022-12-04T18:17:09 IST">
  <testcase classname="rest.RestTestScenario1" name="DoGetRestCall" time="5.529"/>
  <testcase classname="rest.RestTestScenario1" name="DoPostRestCall" time="1.222"/>
  <testcase classname="rest.RestTestScenario1" name="ValidateWithContains_Rest" time="0.621"/>
</testsuite> <!-- Default test -->
