<?xml version="1.0" encoding="UTF-8"?>
<testng-results ignored="0" total="1" passed="1" failed="0" skipped="0">
  <reporter-output>
  </reporter-output>
  <suite started-at="2022-12-03T16:09:06 IST" name="Default suite" finished-at="2022-12-03T16:09:32 IST" duration-ms="25906">
    <groups>
    </groups>
    <test started-at="2022-12-03T16:09:06 IST" name="Default test" finished-at="2022-12-03T16:09:32 IST" duration-ms="25906">
      <class name="soap.SoapTestScenario1">
        <test-method is-config="true" signature="TestDataSetup()[pri:0, instance:soap.SoapTestScenario1@47d9a273]" started-at="2022-12-03T16:09:06 IST" name="TestDataSetup" finished-at="2022-12-03T16:09:06 IST" duration-ms="40" status="PASS">
          <reporter-output>
          </reporter-output>
        </test-method> <!-- TestDataSetup -->
        <test-method signature="CelsiusToFahrenheitResponse()[pri:0, instance:soap.SoapTestScenario1@47d9a273]" started-at="2022-12-03T16:09:06 IST" name="CelsiusToFahrenheitResponse" finished-at="2022-12-03T16:09:32 IST" duration-ms="25771" status="PASS">
          <reporter-output>
          </reporter-output>
        </test-method> <!-- CelsiusToFahrenheitResponse -->
      </class> <!-- soap.SoapTestScenario1 -->
    </test> <!-- Default test -->
  </suite> <!-- Default suite -->
</testng-results>
