<?xml version="1.0" encoding="UTF-8"?>
<testng-results ignored="0" total="1" passed="1" failed="0" skipped="0">
  <reporter-output>
  </reporter-output>
  <suite started-at="2022-12-03T23:36:23 IST" name="Default suite" finished-at="2022-12-03T23:36:30 IST" duration-ms="6922">
    <groups>
    </groups>
    <test started-at="2022-12-03T23:36:23 IST" name="Default test" finished-at="2022-12-03T23:36:30 IST" duration-ms="6922">
      <class name="soap.SoapTestScenario1">
        <test-method signature="ValidateWithContains_SOAP()[pri:0, instance:soap.SoapTestScenario1@7e7be63f]" started-at="2022-12-03T23:36:24 IST" name="ValidateWithContains_SOAP" finished-at="2022-12-03T23:36:30 IST" duration-ms="6747" status="PASS">
          <reporter-output>
          </reporter-output>
        </test-method> <!-- ValidateWithContains_SOAP -->
      </class> <!-- soap.SoapTestScenario1 -->
    </test> <!-- Default test -->
  </suite> <!-- Default suite -->
</testng-results>
